{"numTotalTestSuites":26,"numPassedTestSuites":16,"numFailedTestSuites":10,"numPendingTestSuites":0,"numTotalTests":44,"numPassedTests":30,"numFailedTests":14,"numPendingTests":0,"numTodoTests":0,"snapshot":{"added":0,"failure":false,"filesAdded":0,"filesRemoved":0,"filesRemovedList":[],"filesUnmatched":0,"filesUpdated":0,"matched":0,"total":0,"unchecked":0,"uncheckedKeysByFile":[],"unmatched":0,"updated":0,"didUpdate":false},"startTime":1770962945861,"success":false,"testResults":[{"assertionResults":[{"ancestorTitles":["PlateTectonics Component"],"fullName":"PlateTectonics Component renders correctly","status":"passed","title":"renders correctly","duration":86.55199999999968,"failureMessages":[],"meta":{}},{"ancestorTitles":["PlateTectonics Component"],"fullName":"PlateTectonics Component changes force type","status":"passed","title":"changes force type","duration":39.50909999999931,"failureMessages":[],"meta":{}},{"ancestorTitles":["PlateTectonics Component"],"fullName":"PlateTectonics Component simulates deformation and structure formation","status":"passed","title":"simulates deformation and structure formation","duration":337.78919999999925,"failureMessages":[],"meta":{}},{"ancestorTitles":["PlateTectonics Component"],"fullName":"PlateTectonics Component resets the simulation","status":"passed","title":"resets the simulation","duration":18.73649999999907,"failureMessages":[],"meta":{}}],"startTime":1770970567720,"endTime":1770970568202.7366,"status":"passed","message":"","name":"E:/AAA My New Project/Trying to make a YaoXue Design/src/experiments/geography/__tests__/PlateTectonics.test.tsx"},{"assertionResults":[],"startTime":1770962945861,"endTime":1770962945861,"status":"passed","message":"","name":"E:/AAA My New Project/Trying to make a YaoXue Design/src/pages/__tests__/Auth.test.tsx"},{"assertionResults":[{"ancestorTitles":["Electrolysis Component"],"fullName":"Electrolysis Component renders correctly","status":"failed","title":"renders correctly","duration":68.83280000000013,"failureMessages":["Error: [vitest] No \"Table\" export is defined on the \"lucide-react\" mock. Did you forget to return it from \"vi.mock\"?\nIf you need to partially mock a module, you can use \"importOriginal\" helper inside:\n\n    at VitestMocker.createError (file:///E:/AAA%20My%20New%20Project/Trying%20to%20make%20a%20YaoXue%20Design/node_modules/vitest/dist/chunks/startModuleRunner.DEj0jb3e.js:311:17)\n    at Object.get (file:///E:/AAA%20My%20New%20Project/Trying%20to%20make%20a%20YaoXue%20Design/node_modules/vitest/dist/chunks/startModuleRunner.DEj0jb3e.js:384:16)\n    at ExperimentDataPanel (E:/AAA My New Project/Trying to make a YaoXue Design/src/components/lab/ExperimentDataPanel.tsx:33:12)\n    at renderWithHooks (E:\\AAA My New Project\\Trying to make a YaoXue Design\\node_modules\\react-dom\\cjs\\react-dom.development.js:15486:18)\n    at mountIndeterminateComponent (E:\\AAA My New Project\\Trying to make a YaoXue Design\\node_modules\\react-dom\\cjs\\react-dom.development.js:20103:13)\n    at beginWork (E:\\AAA My New Project\\Trying to make a YaoXue Design\\node_modules\\react-dom\\cjs\\react-dom.development.js:21626:16)\n    at beginWork$1 (E:\\AAA My New Project\\Trying to make a YaoXue Design\\node_modules\\react-dom\\cjs\\react-dom.development.js:27465:14)\n    at performUnitOfWork (E:\\AAA My New Project\\Trying to make a YaoXue Design\\node_modules\\react-dom\\cjs\\react-dom.development.js:26599:12)\n    at workLoopSync (E:\\AAA My New Project\\Trying to make a YaoXue Design\\node_modules\\react-dom\\cjs\\react-dom.development.js:26505:5)\n    at renderRootSync (E:\\AAA My New Project\\Trying to make a YaoXue Design\\node_modules\\react-dom\\cjs\\react-dom.development.js:26473:7)"],"meta":{}},{"ancestorTitles":["Electrolysis Component"],"fullName":"Electrolysis Component updates voltage and bubbles on input change","status":"failed","title":"updates voltage and bubbles on input change","duration":12.911199999998644,"failureMessages":["Error: [vitest] No \"Table\" export is defined on the \"lucide-react\" mock. Did you forget to return it from \"vi.mock\"?\nIf you need to partially mock a module, you can use \"importOriginal\" helper inside:\n\n    at VitestMocker.createError (file:///E:/AAA%20My%20New%20Project/Trying%20to%20make%20a%20YaoXue%20Design/node_modules/vitest/dist/chunks/startModuleRunner.DEj0jb3e.js:311:17)\n    at Object.get (file:///E:/AAA%20My%20New%20Project/Trying%20to%20make%20a%20YaoXue%20Design/node_modules/vitest/dist/chunks/startModuleRunner.DEj0jb3e.js:384:16)\n    at ExperimentDataPanel (E:/AAA My New Project/Trying to make a YaoXue Design/src/components/lab/ExperimentDataPanel.tsx:33:12)\n    at renderWithHooks (E:\\AAA My New Project\\Trying to make a YaoXue Design\\node_modules\\react-dom\\cjs\\react-dom.development.js:15486:18)\n    at mountIndeterminateComponent (E:\\AAA My New Project\\Trying to make a YaoXue Design\\node_modules\\react-dom\\cjs\\react-dom.development.js:20103:13)\n    at beginWork (E:\\AAA My New Project\\Trying to make a YaoXue Design\\node_modules\\react-dom\\cjs\\react-dom.development.js:21626:16)\n    at beginWork$1 (E:\\AAA My New Project\\Trying to make a YaoXue Design\\node_modules\\react-dom\\cjs\\react-dom.development.js:27465:14)\n    at performUnitOfWork (E:\\AAA My New Project\\Trying to make a YaoXue Design\\node_modules\\react-dom\\cjs\\react-dom.development.js:26599:12)\n    at workLoopSync (E:\\AAA My New Project\\Trying to make a YaoXue Design\\node_modules\\react-dom\\cjs\\react-dom.development.js:26505:5)\n    at renderRootSync (E:\\AAA My New Project\\Trying to make a YaoXue Design\\node_modules\\react-dom\\cjs\\react-dom.development.js:26473:7)"],"meta":{}}],"startTime":1770970565475,"endTime":1770970565557.9111,"status":"failed","message":"","name":"E:/AAA My New Project/Trying to make a YaoXue Design/src/experiments/chemistry/__tests__/Electrolysis.test.tsx"},{"assertionResults":[{"ancestorTitles":["Volcano Component"],"fullName":"Volcano Component renders correctly","status":"passed","title":"renders correctly","duration":125.24679999999898,"failureMessages":[],"meta":{}},{"ancestorTitles":["Volcano Component"],"fullName":"Volcano Component updates viscosity and gas content","status":"passed","title":"updates viscosity and gas content","duration":362.1179000000011,"failureMessages":[],"meta":{}},{"ancestorTitles":["Volcano Component"],"fullName":"Volcano Component triggers eruption","status":"passed","title":"triggers eruption","duration":53.47440000000279,"failureMessages":[],"meta":{}}],"startTime":1770970567769,"endTime":1770970568309.4744,"status":"passed","message":"","name":"E:/AAA My New Project/Trying to make a YaoXue Design/src/experiments/geography/__tests__/Volcano.test.tsx"},{"assertionResults":[],"startTime":1770962945861,"endTime":1770962945861,"status":"passed","message":"","name":"E:/AAA My New Project/Trying to make a YaoXue Design/src/experiments/biology/__tests__/Genetics.test.tsx"},{"assertionResults":[{"ancestorTitles":["Titration Component"],"fullName":"Titration Component renders correctly","status":"failed","title":"renders correctly","duration":90.08820000000014,"failureMessages":["Error: [vitest] No \"Table\" export is defined on the \"lucide-react\" mock. Did you forget to return it from \"vi.mock\"?\nIf you need to partially mock a module, you can use \"importOriginal\" helper inside:\n\n    at VitestMocker.createError (file:///E:/AAA%20My%20New%20Project/Trying%20to%20make%20a%20YaoXue%20Design/node_modules/vitest/dist/chunks/startModuleRunner.DEj0jb3e.js:311:17)\n    at Object.get (file:///E:/AAA%20My%20New%20Project/Trying%20to%20make%20a%20YaoXue%20Design/node_modules/vitest/dist/chunks/startModuleRunner.DEj0jb3e.js:384:16)\n    at ExperimentDataPanel (E:/AAA My New Project/Trying to make a YaoXue Design/src/components/lab/ExperimentDataPanel.tsx:33:12)\n    at renderWithHooks (E:\\AAA My New Project\\Trying to make a YaoXue Design\\node_modules\\react-dom\\cjs\\react-dom.development.js:15486:18)\n    at mountIndeterminateComponent (E:\\AAA My New Project\\Trying to make a YaoXue Design\\node_modules\\react-dom\\cjs\\react-dom.development.js:20103:13)\n    at beginWork (E:\\AAA My New Project\\Trying to make a YaoXue Design\\node_modules\\react-dom\\cjs\\react-dom.development.js:21626:16)\n    at beginWork$1 (E:\\AAA My New Project\\Trying to make a YaoXue Design\\node_modules\\react-dom\\cjs\\react-dom.development.js:27465:14)\n    at performUnitOfWork (E:\\AAA My New Project\\Trying to make a YaoXue Design\\node_modules\\react-dom\\cjs\\react-dom.development.js:26599:12)\n    at workLoopSync (E:\\AAA My New Project\\Trying to make a YaoXue Design\\node_modules\\react-dom\\cjs\\react-dom.development.js:26505:5)\n    at renderRootSync (E:\\AAA My New Project\\Trying to make a YaoXue Design\\node_modules\\react-dom\\cjs\\react-dom.development.js:26473:7)"],"meta":{}},{"ancestorTitles":["Titration Component"],"fullName":"Titration Component logs initialization action","status":"failed","title":"logs initialization action","duration":16.126000000000204,"failureMessages":["Error: [vitest] No \"Table\" export is defined on the \"lucide-react\" mock. Did you forget to return it from \"vi.mock\"?\nIf you need to partially mock a module, you can use \"importOriginal\" helper inside:\n\n    at VitestMocker.createError (file:///E:/AAA%20My%20New%20Project/Trying%20to%20make%20a%20YaoXue%20Design/node_modules/vitest/dist/chunks/startModuleRunner.DEj0jb3e.js:311:17)\n    at Object.get (file:///E:/AAA%20My%20New%20Project/Trying%20to%20make%20a%20YaoXue%20Design/node_modules/vitest/dist/chunks/startModuleRunner.DEj0jb3e.js:384:16)\n    at ExperimentDataPanel (E:/AAA My New Project/Trying to make a YaoXue Design/src/components/lab/ExperimentDataPanel.tsx:33:12)\n    at renderWithHooks (E:\\AAA My New Project\\Trying to make a YaoXue Design\\node_modules\\react-dom\\cjs\\react-dom.development.js:15486:18)\n    at mountIndeterminateComponent (E:\\AAA My New Project\\Trying to make a YaoXue Design\\node_modules\\react-dom\\cjs\\react-dom.development.js:20103:13)\n    at beginWork (E:\\AAA My New Project\\Trying to make a YaoXue Design\\node_modules\\react-dom\\cjs\\react-dom.development.js:21626:16)\n    at beginWork$1 (E:\\AAA My New Project\\Trying to make a YaoXue Design\\node_modules\\react-dom\\cjs\\react-dom.development.js:27465:14)\n    at performUnitOfWork (E:\\AAA My New Project\\Trying to make a YaoXue Design\\node_modules\\react-dom\\cjs\\react-dom.development.js:26599:12)\n    at workLoopSync (E:\\AAA My New Project\\Trying to make a YaoXue Design\\node_modules\\react-dom\\cjs\\react-dom.development.js:26505:5)\n    at renderRootSync (E:\\AAA My New Project\\Trying to make a YaoXue Design\\node_modules\\react-dom\\cjs\\react-dom.development.js:26473:7)"],"meta":{}},{"ancestorTitles":["Titration Component"],"fullName":"Titration Component updates volume and ph when drop is added","status":"failed","title":"updates volume and ph when drop is added","duration":10.896199999999226,"failureMessages":["Error: [vitest] No \"Table\" export is defined on the \"lucide-react\" mock. Did you forget to return it from \"vi.mock\"?\nIf you need to partially mock a module, you can use \"importOriginal\" helper inside:\n\n    at VitestMocker.createError (file:///E:/AAA%20My%20New%20Project/Trying%20to%20make%20a%20YaoXue%20Design/node_modules/vitest/dist/chunks/startModuleRunner.DEj0jb3e.js:311:17)\n    at Object.get (file:///E:/AAA%20My%20New%20Project/Trying%20to%20make%20a%20YaoXue%20Design/node_modules/vitest/dist/chunks/startModuleRunner.DEj0jb3e.js:384:16)\n    at ExperimentDataPanel (E:/AAA My New Project/Trying to make a YaoXue Design/src/components/lab/ExperimentDataPanel.tsx:33:12)\n    at renderWithHooks (E:\\AAA My New Project\\Trying to make a YaoXue Design\\node_modules\\react-dom\\cjs\\react-dom.development.js:15486:18)\n    at mountIndeterminateComponent (E:\\AAA My New Project\\Trying to make a YaoXue Design\\node_modules\\react-dom\\cjs\\react-dom.development.js:20103:13)\n    at beginWork (E:\\AAA My New Project\\Trying to make a YaoXue Design\\node_modules\\react-dom\\cjs\\react-dom.development.js:21626:16)\n    at beginWork$1 (E:\\AAA My New Project\\Trying to make a YaoXue Design\\node_modules\\react-dom\\cjs\\react-dom.development.js:27465:14)\n    at performUnitOfWork (E:\\AAA My New Project\\Trying to make a YaoXue Design\\node_modules\\react-dom\\cjs\\react-dom.development.js:26599:12)\n    at workLoopSync (E:\\AAA My New Project\\Trying to make a YaoXue Design\\node_modules\\react-dom\\cjs\\react-dom.development.js:26505:5)\n    at renderRootSync (E:\\AAA My New Project\\Trying to make a YaoXue Design\\node_modules\\react-dom\\cjs\\react-dom.development.js:26473:7)"],"meta":{}},{"ancestorTitles":["Titration Component"],"fullName":"Titration Component changes color based on PH","status":"failed","title":"changes color based on PH","duration":14.14470000000074,"failureMessages":["Error: [vitest] No \"Table\" export is defined on the \"lucide-react\" mock. Did you forget to return it from \"vi.mock\"?\nIf you need to partially mock a module, you can use \"importOriginal\" helper inside:\n\n    at VitestMocker.createError (file:///E:/AAA%20My%20New%20Project/Trying%20to%20make%20a%20YaoXue%20Design/node_modules/vitest/dist/chunks/startModuleRunner.DEj0jb3e.js:311:17)\n    at Object.get (file:///E:/AAA%20My%20New%20Project/Trying%20to%20make%20a%20YaoXue%20Design/node_modules/vitest/dist/chunks/startModuleRunner.DEj0jb3e.js:384:16)\n    at ExperimentDataPanel (E:/AAA My New Project/Trying to make a YaoXue Design/src/components/lab/ExperimentDataPanel.tsx:33:12)\n    at renderWithHooks (E:\\AAA My New Project\\Trying to make a YaoXue Design\\node_modules\\react-dom\\cjs\\react-dom.development.js:15486:18)\n    at mountIndeterminateComponent (E:\\AAA My New Project\\Trying to make a YaoXue Design\\node_modules\\react-dom\\cjs\\react-dom.development.js:20103:13)\n    at beginWork (E:\\AAA My New Project\\Trying to make a YaoXue Design\\node_modules\\react-dom\\cjs\\react-dom.development.js:21626:16)\n    at beginWork$1 (E:\\AAA My New Project\\Trying to make a YaoXue Design\\node_modules\\react-dom\\cjs\\react-dom.development.js:27465:14)\n    at performUnitOfWork (E:\\AAA My New Project\\Trying to make a YaoXue Design\\node_modules\\react-dom\\cjs\\react-dom.development.js:26599:12)\n    at workLoopSync (E:\\AAA My New Project\\Trying to make a YaoXue Design\\node_modules\\react-dom\\cjs\\react-dom.development.js:26505:5)\n    at renderRootSync (E:\\AAA My New Project\\Trying to make a YaoXue Design\\node_modules\\react-dom\\cjs\\react-dom.development.js:26473:7)"],"meta":{}}],"startTime":1770970565108,"endTime":1770970565240.1448,"status":"failed","message":"","name":"E:/AAA My New Project/Trying to make a YaoXue Design/src/experiments/chemistry/__tests__/Titration.test.tsx"},{"assertionResults":[{"ancestorTitles":["Photosynthesis Component"],"fullName":"Photosynthesis Component renders correctly","status":"failed","title":"renders correctly","duration":114.88520000000062,"failureMessages":["Error: [vitest] No \"Table\" export is defined on the \"lucide-react\" mock. Did you forget to return it from \"vi.mock\"?\nIf you need to partially mock a module, you can use \"importOriginal\" helper inside:\n\n    at VitestMocker.createError (file:///E:/AAA%20My%20New%20Project/Trying%20to%20make%20a%20YaoXue%20Design/node_modules/vitest/dist/chunks/startModuleRunner.DEj0jb3e.js:311:17)\n    at Object.get (file:///E:/AAA%20My%20New%20Project/Trying%20to%20make%20a%20YaoXue%20Design/node_modules/vitest/dist/chunks/startModuleRunner.DEj0jb3e.js:384:16)\n    at ExperimentDataPanel (E:/AAA My New Project/Trying to make a YaoXue Design/src/components/lab/ExperimentDataPanel.tsx:33:12)\n    at renderWithHooks (E:\\AAA My New Project\\Trying to make a YaoXue Design\\node_modules\\react-dom\\cjs\\react-dom.development.js:15486:18)\n    at mountIndeterminateComponent (E:\\AAA My New Project\\Trying to make a YaoXue Design\\node_modules\\react-dom\\cjs\\react-dom.development.js:20103:13)\n    at beginWork (E:\\AAA My New Project\\Trying to make a YaoXue Design\\node_modules\\react-dom\\cjs\\react-dom.development.js:21626:16)\n    at beginWork$1 (E:\\AAA My New Project\\Trying to make a YaoXue Design\\node_modules\\react-dom\\cjs\\react-dom.development.js:27465:14)\n    at performUnitOfWork (E:\\AAA My New Project\\Trying to make a YaoXue Design\\node_modules\\react-dom\\cjs\\react-dom.development.js:26599:12)\n    at workLoopSync (E:\\AAA My New Project\\Trying to make a YaoXue Design\\node_modules\\react-dom\\cjs\\react-dom.development.js:26505:5)\n    at renderRootSync (E:\\AAA My New Project\\Trying to make a YaoXue Design\\node_modules\\react-dom\\cjs\\react-dom.development.js:26473:7)"],"meta":{}},{"ancestorTitles":["Photosynthesis Component"],"fullName":"Photosynthesis Component updates light distance","status":"failed","title":"updates light distance","duration":14.503500000000713,"failureMessages":["Error: [vitest] No \"Table\" export is defined on the \"lucide-react\" mock. Did you forget to return it from \"vi.mock\"?\nIf you need to partially mock a module, you can use \"importOriginal\" helper inside:\n\n    at VitestMocker.createError (file:///E:/AAA%20My%20New%20Project/Trying%20to%20make%20a%20YaoXue%20Design/node_modules/vitest/dist/chunks/startModuleRunner.DEj0jb3e.js:311:17)\n    at Object.get (file:///E:/AAA%20My%20New%20Project/Trying%20to%20make%20a%20YaoXue%20Design/node_modules/vitest/dist/chunks/startModuleRunner.DEj0jb3e.js:384:16)\n    at ExperimentDataPanel (E:/AAA My New Project/Trying to make a YaoXue Design/src/components/lab/ExperimentDataPanel.tsx:33:12)\n    at renderWithHooks (E:\\AAA My New Project\\Trying to make a YaoXue Design\\node_modules\\react-dom\\cjs\\react-dom.development.js:15486:18)\n    at mountIndeterminateComponent (E:\\AAA My New Project\\Trying to make a YaoXue Design\\node_modules\\react-dom\\cjs\\react-dom.development.js:20103:13)\n    at beginWork (E:\\AAA My New Project\\Trying to make a YaoXue Design\\node_modules\\react-dom\\cjs\\react-dom.development.js:21626:16)\n    at beginWork$1 (E:\\AAA My New Project\\Trying to make a YaoXue Design\\node_modules\\react-dom\\cjs\\react-dom.development.js:27465:14)\n    at performUnitOfWork (E:\\AAA My New Project\\Trying to make a YaoXue Design\\node_modules\\react-dom\\cjs\\react-dom.development.js:26599:12)\n    at workLoopSync (E:\\AAA My New Project\\Trying to make a YaoXue Design\\node_modules\\react-dom\\cjs\\react-dom.development.js:26505:5)\n    at renderRootSync (E:\\AAA My New Project\\Trying to make a YaoXue Design\\node_modules\\react-dom\\cjs\\react-dom.development.js:26473:7)"],"meta":{}},{"ancestorTitles":["Photosynthesis Component"],"fullName":"Photosynthesis Component increases bubbles over time","status":"failed","title":"increases bubbles over time","duration":23.963000000001557,"failureMessages":["Error: [vitest] No \"Table\" export is defined on the \"lucide-react\" mock. Did you forget to return it from \"vi.mock\"?\nIf you need to partially mock a module, you can use \"importOriginal\" helper inside:\n\n    at VitestMocker.createError (file:///E:/AAA%20My%20New%20Project/Trying%20to%20make%20a%20YaoXue%20Design/node_modules/vitest/dist/chunks/startModuleRunner.DEj0jb3e.js:311:17)\n    at Object.get (file:///E:/AAA%20My%20New%20Project/Trying%20to%20make%20a%20YaoXue%20Design/node_modules/vitest/dist/chunks/startModuleRunner.DEj0jb3e.js:384:16)\n    at ExperimentDataPanel (E:/AAA My New Project/Trying to make a YaoXue Design/src/components/lab/ExperimentDataPanel.tsx:33:12)\n    at renderWithHooks (E:\\AAA My New Project\\Trying to make a YaoXue Design\\node_modules\\react-dom\\cjs\\react-dom.development.js:15486:18)\n    at mountIndeterminateComponent (E:\\AAA My New Project\\Trying to make a YaoXue Design\\node_modules\\react-dom\\cjs\\react-dom.development.js:20103:13)\n    at beginWork (E:\\AAA My New Project\\Trying to make a YaoXue Design\\node_modules\\react-dom\\cjs\\react-dom.development.js:21626:16)\n    at beginWork$1 (E:\\AAA My New Project\\Trying to make a YaoXue Design\\node_modules\\react-dom\\cjs\\react-dom.development.js:27465:14)\n    at performUnitOfWork (E:\\AAA My New Project\\Trying to make a YaoXue Design\\node_modules\\react-dom\\cjs\\react-dom.development.js:26599:12)\n    at workLoopSync (E:\\AAA My New Project\\Trying to make a YaoXue Design\\node_modules\\react-dom\\cjs\\react-dom.development.js:26505:5)\n    at renderRootSync (E:\\AAA My New Project\\Trying to make a YaoXue Design\\node_modules\\react-dom\\cjs\\react-dom.development.js:26473:7)"],"meta":{}}],"startTime":1770970567715,"endTime":1770970567868.963,"status":"failed","message":"","name":"E:/AAA My New Project/Trying to make a YaoXue Design/src/experiments/biology/__tests__/Photosynthesis.test.tsx"},{"assertionResults":[{"ancestorTitles":["WaterCycle Component"],"fullName":"WaterCycle Component renders correctly","status":"passed","title":"renders correctly","duration":124.69680000000153,"failureMessages":[],"meta":{}},{"ancestorTitles":["WaterCycle Component"],"fullName":"WaterCycle Component logs initialization","status":"passed","title":"logs initialization","duration":25.67710000000079,"failureMessages":[],"meta":{}},{"ancestorTitles":["WaterCycle Component"],"fullName":"WaterCycle Component updates temperature and humidity","status":"passed","title":"updates temperature and humidity","duration":372.72780000000057,"failureMessages":[],"meta":{}}],"startTime":1770970568001,"endTime":1770970568523.7278,"status":"passed","message":"","name":"E:/AAA My New Project/Trying to make a YaoXue Design/src/experiments/geography/__tests__/WaterCycle.test.tsx"},{"assertionResults":[{"ancestorTitles":["FlameTest Component"],"fullName":"FlameTest Component renders correctly","status":"failed","title":"renders correctly","duration":119.9306000000015,"failureMessages":["Error: [vitest] No \"Table\" export is defined on the \"lucide-react\" mock. Did you forget to return it from \"vi.mock\"?\nIf you need to partially mock a module, you can use \"importOriginal\" helper inside:\n\n    at VitestMocker.createError (file:///E:/AAA%20My%20New%20Project/Trying%20to%20make%20a%20YaoXue%20Design/node_modules/vitest/dist/chunks/startModuleRunner.DEj0jb3e.js:311:17)\n    at Object.get (file:///E:/AAA%20My%20New%20Project/Trying%20to%20make%20a%20YaoXue%20Design/node_modules/vitest/dist/chunks/startModuleRunner.DEj0jb3e.js:384:16)\n    at ExperimentDataPanel (E:/AAA My New Project/Trying to make a YaoXue Design/src/components/lab/ExperimentDataPanel.tsx:33:12)\n    at renderWithHooks (E:\\AAA My New Project\\Trying to make a YaoXue Design\\node_modules\\react-dom\\cjs\\react-dom.development.js:15486:18)\n    at mountIndeterminateComponent (E:\\AAA My New Project\\Trying to make a YaoXue Design\\node_modules\\react-dom\\cjs\\react-dom.development.js:20103:13)\n    at beginWork (E:\\AAA My New Project\\Trying to make a YaoXue Design\\node_modules\\react-dom\\cjs\\react-dom.development.js:21626:16)\n    at beginWork$1 (E:\\AAA My New Project\\Trying to make a YaoXue Design\\node_modules\\react-dom\\cjs\\react-dom.development.js:27465:14)\n    at performUnitOfWork (E:\\AAA My New Project\\Trying to make a YaoXue Design\\node_modules\\react-dom\\cjs\\react-dom.development.js:26599:12)\n    at workLoopSync (E:\\AAA My New Project\\Trying to make a YaoXue Design\\node_modules\\react-dom\\cjs\\react-dom.development.js:26505:5)\n    at renderRootSync (E:\\AAA My New Project\\Trying to make a YaoXue Design\\node_modules\\react-dom\\cjs\\react-dom.development.js:26473:7)"],"meta":{}},{"ancestorTitles":["FlameTest Component"],"fullName":"FlameTest Component activates flame when metal is selected","status":"failed","title":"activates flame when metal is selected","duration":18.5554000000011,"failureMessages":["Error: [vitest] No \"Table\" export is defined on the \"lucide-react\" mock. Did you forget to return it from \"vi.mock\"?\nIf you need to partially mock a module, you can use \"importOriginal\" helper inside:\n\n    at VitestMocker.createError (file:///E:/AAA%20My%20New%20Project/Trying%20to%20make%20a%20YaoXue%20Design/node_modules/vitest/dist/chunks/startModuleRunner.DEj0jb3e.js:311:17)\n    at Object.get (file:///E:/AAA%20My%20New%20Project/Trying%20to%20make%20a%20YaoXue%20Design/node_modules/vitest/dist/chunks/startModuleRunner.DEj0jb3e.js:384:16)\n    at ExperimentDataPanel (E:/AAA My New Project/Trying to make a YaoXue Design/src/components/lab/ExperimentDataPanel.tsx:33:12)\n    at renderWithHooks (E:\\AAA My New Project\\Trying to make a YaoXue Design\\node_modules\\react-dom\\cjs\\react-dom.development.js:15486:18)\n    at mountIndeterminateComponent (E:\\AAA My New Project\\Trying to make a YaoXue Design\\node_modules\\react-dom\\cjs\\react-dom.development.js:20103:13)\n    at beginWork (E:\\AAA My New Project\\Trying to make a YaoXue Design\\node_modules\\react-dom\\cjs\\react-dom.development.js:21626:16)\n    at beginWork$1 (E:\\AAA My New Project\\Trying to make a YaoXue Design\\node_modules\\react-dom\\cjs\\react-dom.development.js:27465:14)\n    at performUnitOfWork (E:\\AAA My New Project\\Trying to make a YaoXue Design\\node_modules\\react-dom\\cjs\\react-dom.development.js:26599:12)\n    at workLoopSync (E:\\AAA My New Project\\Trying to make a YaoXue Design\\node_modules\\react-dom\\cjs\\react-dom.development.js:26505:5)\n    at renderRootSync (E:\\AAA My New Project\\Trying to make a YaoXue Design\\node_modules\\react-dom\\cjs\\react-dom.development.js:26473:7)"],"meta":{}}],"startTime":1770970567732,"endTime":1770970567870.5554,"status":"failed","message":"","name":"E:/AAA My New Project/Trying to make a YaoXue Design/src/experiments/chemistry/__tests__/FlameTest.test.tsx"},{"assertionResults":[{"ancestorTitles":["Microscope Component"],"fullName":"Microscope Component renders correctly","status":"failed","title":"renders correctly","duration":33.12890000000152,"failureMessages":["Error: [vitest] No \"Camera\" export is defined on the \"lucide-react\" mock. Did you forget to return it from \"vi.mock\"?\nIf you need to partially mock a module, you can use \"importOriginal\" helper inside:\n\n    at VitestMocker.createError (file:///E:/AAA%20My%20New%20Project/Trying%20to%20make%20a%20YaoXue%20Design/node_modules/vitest/dist/chunks/startModuleRunner.DEj0jb3e.js:311:17)\n    at Object.get (file:///E:/AAA%20My%20New%20Project/Trying%20to%20make%20a%20YaoXue%20Design/node_modules/vitest/dist/chunks/startModuleRunner.DEj0jb3e.js:384:16)\n    at Microscope (E:/AAA My New Project/Trying to make a YaoXue Design/src/experiments/biology/Microscope.tsx:93:14)\n    at renderWithHooks (E:\\AAA My New Project\\Trying to make a YaoXue Design\\node_modules\\react-dom\\cjs\\react-dom.development.js:15486:18)\n    at mountIndeterminateComponent (E:\\AAA My New Project\\Trying to make a YaoXue Design\\node_modules\\react-dom\\cjs\\react-dom.development.js:20103:13)\n    at beginWork (E:\\AAA My New Project\\Trying to make a YaoXue Design\\node_modules\\react-dom\\cjs\\react-dom.development.js:21626:16)\n    at beginWork$1 (E:\\AAA My New Project\\Trying to make a YaoXue Design\\node_modules\\react-dom\\cjs\\react-dom.development.js:27465:14)\n    at performUnitOfWork (E:\\AAA My New Project\\Trying to make a YaoXue Design\\node_modules\\react-dom\\cjs\\react-dom.development.js:26599:12)\n    at workLoopSync (E:\\AAA My New Project\\Trying to make a YaoXue Design\\node_modules\\react-dom\\cjs\\react-dom.development.js:26505:5)\n    at renderRootSync (E:\\AAA My New Project\\Trying to make a YaoXue Design\\node_modules\\react-dom\\cjs\\react-dom.development.js:26473:7)"],"meta":{}},{"ancestorTitles":["Microscope Component"],"fullName":"Microscope Component selects a slide","status":"failed","title":"selects a slide","duration":5.6789000000007945,"failureMessages":["Error: [vitest] No \"Camera\" export is defined on the \"lucide-react\" mock. Did you forget to return it from \"vi.mock\"?\nIf you need to partially mock a module, you can use \"importOriginal\" helper inside:\n\n    at VitestMocker.createError (file:///E:/AAA%20My%20New%20Project/Trying%20to%20make%20a%20YaoXue%20Design/node_modules/vitest/dist/chunks/startModuleRunner.DEj0jb3e.js:311:17)\n    at Object.get (file:///E:/AAA%20My%20New%20Project/Trying%20to%20make%20a%20YaoXue%20Design/node_modules/vitest/dist/chunks/startModuleRunner.DEj0jb3e.js:384:16)\n    at Microscope (E:/AAA My New Project/Trying to make a YaoXue Design/src/experiments/biology/Microscope.tsx:93:14)\n    at renderWithHooks (E:\\AAA My New Project\\Trying to make a YaoXue Design\\node_modules\\react-dom\\cjs\\react-dom.development.js:15486:18)\n    at mountIndeterminateComponent (E:\\AAA My New Project\\Trying to make a YaoXue Design\\node_modules\\react-dom\\cjs\\react-dom.development.js:20103:13)\n    at beginWork (E:\\AAA My New Project\\Trying to make a YaoXue Design\\node_modules\\react-dom\\cjs\\react-dom.development.js:21626:16)\n    at beginWork$1 (E:\\AAA My New Project\\Trying to make a YaoXue Design\\node_modules\\react-dom\\cjs\\react-dom.development.js:27465:14)\n    at performUnitOfWork (E:\\AAA My New Project\\Trying to make a YaoXue Design\\node_modules\\react-dom\\cjs\\react-dom.development.js:26599:12)\n    at workLoopSync (E:\\AAA My New Project\\Trying to make a YaoXue Design\\node_modules\\react-dom\\cjs\\react-dom.development.js:26505:5)\n    at renderRootSync (E:\\AAA My New Project\\Trying to make a YaoXue Design\\node_modules\\react-dom\\cjs\\react-dom.development.js:26473:7)"],"meta":{}},{"ancestorTitles":["Microscope Component"],"fullName":"Microscope Component adjusts zoom level","status":"failed","title":"adjusts zoom level","duration":10.156799999998839,"failureMessages":["Error: [vitest] No \"Camera\" export is defined on the \"lucide-react\" mock. Did you forget to return it from \"vi.mock\"?\nIf you need to partially mock a module, you can use \"importOriginal\" helper inside:\n\n    at VitestMocker.createError (file:///E:/AAA%20My%20New%20Project/Trying%20to%20make%20a%20YaoXue%20Design/node_modules/vitest/dist/chunks/startModuleRunner.DEj0jb3e.js:311:17)\n    at Object.get (file:///E:/AAA%20My%20New%20Project/Trying%20to%20make%20a%20YaoXue%20Design/node_modules/vitest/dist/chunks/startModuleRunner.DEj0jb3e.js:384:16)\n    at Microscope (E:/AAA My New Project/Trying to make a YaoXue Design/src/experiments/biology/Microscope.tsx:93:14)\n    at renderWithHooks (E:\\AAA My New Project\\Trying to make a YaoXue Design\\node_modules\\react-dom\\cjs\\react-dom.development.js:15486:18)\n    at mountIndeterminateComponent (E:\\AAA My New Project\\Trying to make a YaoXue Design\\node_modules\\react-dom\\cjs\\react-dom.development.js:20103:13)\n    at beginWork (E:\\AAA My New Project\\Trying to make a YaoXue Design\\node_modules\\react-dom\\cjs\\react-dom.development.js:21626:16)\n    at beginWork$1 (E:\\AAA My New Project\\Trying to make a YaoXue Design\\node_modules\\react-dom\\cjs\\react-dom.development.js:27465:14)\n    at performUnitOfWork (E:\\AAA My New Project\\Trying to make a YaoXue Design\\node_modules\\react-dom\\cjs\\react-dom.development.js:26599:12)\n    at workLoopSync (E:\\AAA My New Project\\Trying to make a YaoXue Design\\node_modules\\react-dom\\cjs\\react-dom.development.js:26505:5)\n    at renderRootSync (E:\\AAA My New Project\\Trying to make a YaoXue Design\\node_modules\\react-dom\\cjs\\react-dom.development.js:26473:7)"],"meta":{}}],"startTime":1770970563954,"endTime":1770970564003.1567,"status":"failed","message":"","name":"E:/AAA My New Project/Trying to make a YaoXue Design/src/experiments/biology/__tests__/Microscope.test.tsx"},{"assertionResults":[{"ancestorTitles":["ChemistryLab Component"],"fullName":"ChemistryLab Component renders loading state initially","status":"passed","title":"renders loading state initially","duration":34.85180000000037,"failureMessages":[],"meta":{}},{"ancestorTitles":["ChemistryLab Component"],"fullName":"ChemistryLab Component loads Titration experiment based on title","status":"passed","title":"loads Titration experiment based on title","duration":21.48790000000008,"failureMessages":[],"meta":{}},{"ancestorTitles":["ChemistryLab Component"],"fullName":"ChemistryLab Component loads FlameTest experiment based on title","status":"passed","title":"loads FlameTest experiment based on title","duration":16.153599999999642,"failureMessages":[],"meta":{}},{"ancestorTitles":["ChemistryLab Component"],"fullName":"ChemistryLab Component loads Electrolysis experiment based on title","status":"passed","title":"loads Electrolysis experiment based on title","duration":15.51260000000002,"failureMessages":[],"meta":{}},{"ancestorTitles":["ChemistryLab Component"],"fullName":"ChemistryLab Component defaults to Titration for demo id","status":"passed","title":"defaults to Titration for demo id","duration":15.613199999999779,"failureMessages":[],"meta":{}}],"startTime":1770970571797,"endTime":1770970571900.6133,"status":"passed","message":"","name":"E:/AAA My New Project/Trying to make a YaoXue Design/src/experiments/__tests__/ChemistryLab.test.tsx"},{"assertionResults":[{"ancestorTitles":["GeographyLab Component"],"fullName":"GeographyLab Component renders loading state initially","status":"passed","title":"renders loading state initially","duration":50.072800000001735,"failureMessages":[],"meta":{}},{"ancestorTitles":["GeographyLab Component"],"fullName":"GeographyLab Component loads Volcano experiment based on title","status":"passed","title":"loads Volcano experiment based on title","duration":24.165000000000873,"failureMessages":[],"meta":{}},{"ancestorTitles":["GeographyLab Component"],"fullName":"GeographyLab Component loads WaterCycle experiment based on title","status":"passed","title":"loads WaterCycle experiment based on title","duration":9.6691000000028,"failureMessages":[],"meta":{}},{"ancestorTitles":["GeographyLab Component"],"fullName":"GeographyLab Component loads PlateTectonics experiment based on title","status":"passed","title":"loads PlateTectonics experiment based on title","duration":25.385199999996985,"failureMessages":[],"meta":{}},{"ancestorTitles":["GeographyLab Component"],"fullName":"GeographyLab Component defaults to PlateTectonics for demo id","status":"passed","title":"defaults to PlateTectonics for demo id","duration":11.62749999999869,"failureMessages":[],"meta":{}}],"startTime":1770970568202,"endTime":1770970568322.6274,"status":"passed","message":"","name":"E:/AAA My New Project/Trying to make a YaoXue Design/src/experiments/__tests__/GeographyLab.test.tsx"},{"assertionResults":[{"ancestorTitles":["BiologyLab Component"],"fullName":"BiologyLab Component renders loading state initially","status":"passed","title":"renders loading state initially","duration":35.38839999999982,"failureMessages":[],"meta":{}},{"ancestorTitles":["BiologyLab Component"],"fullName":"BiologyLab Component loads Microscope experiment based on title","status":"passed","title":"loads Microscope experiment based on title","duration":28.367300000000796,"failureMessages":[],"meta":{}},{"ancestorTitles":["BiologyLab Component"],"fullName":"BiologyLab Component loads Photosynthesis experiment based on title","status":"passed","title":"loads Photosynthesis experiment based on title","duration":15.587399999999434,"failureMessages":[],"meta":{}},{"ancestorTitles":["BiologyLab Component"],"fullName":"BiologyLab Component loads Genetics experiment based on title","status":"passed","title":"loads Genetics experiment based on title","duration":15.816499999999905,"failureMessages":[],"meta":{}},{"ancestorTitles":["BiologyLab Component"],"fullName":"BiologyLab Component defaults to Photosynthesis for demo id","status":"passed","title":"defaults to Photosynthesis for demo id","duration":16.294600000000173,"failureMessages":[],"meta":{}}],"startTime":1770970571806,"endTime":1770970571917.2947,"status":"passed","message":"","name":"E:/AAA My New Project/Trying to make a YaoXue Design/src/experiments/__tests__/BiologyLab.test.tsx"},{"assertionResults":[{"ancestorTitles":["PhysicsLab Component"],"fullName":"PhysicsLab Component renders identifying state initially","status":"passed","title":"renders identifying state initially","duration":34.423499999999876,"failureMessages":[],"meta":{}},{"ancestorTitles":["PhysicsLab Component"],"fullName":"PhysicsLab Component loads FreeFall experiment based on title","status":"passed","title":"loads FreeFall experiment based on title","duration":25.094700000000557,"failureMessages":[],"meta":{}},{"ancestorTitles":["PhysicsLab Component"],"fullName":"PhysicsLab Component loads Pendulum experiment based on title","status":"passed","title":"loads Pendulum experiment based on title","duration":14.326100000000224,"failureMessages":[],"meta":{}},{"ancestorTitles":["PhysicsLab Component"],"fullName":"PhysicsLab Component loads Circuit experiment based on title","status":"passed","title":"loads Circuit experiment based on title","duration":12.41229999999996,"failureMessages":[],"meta":{}},{"ancestorTitles":["PhysicsLab Component"],"fullName":"PhysicsLab Component defaults to FreeFall for demo id","status":"passed","title":"defaults to FreeFall for demo id","duration":15.6274999999996,"failureMessages":[],"meta":{}}],"startTime":1770970570957,"endTime":1770970571058.6274,"status":"passed","message":"","name":"E:/AAA My New Project/Trying to make a YaoXue Design/src/experiments/__tests__/PhysicsLab.test.tsx"}]}